2022-11-23 18:16:01 [INFO] Server listening on port 3080
2022-11-23 18:16:10 [INFO] landing page
2022-11-23 18:16:10 #undefined [ORIGINAL ERROR] [Error: ENOENT: no such file or directory, stat '/usr/src/app/example-application1-vue/build/index.html'] {
  errno: -2,
  code: 'ENOENT',
  syscall: 'stat',
  path: '/usr/src/app/example-application1-vue/build/index.html',
  expose: false,
  statusCode: 404,
  status: 404
}
2022-11-23 18:16:10 #undefined [ERROR] {
  code: '99',
  message: 'Internal server error',
  additionalInfo: "ENOENT: no such file or directory, stat '/usr/src/app/example-application1-vue/build/index.html'"
}
2022-11-23 18:16:18 #1 [RECV] ::ffff:172.19.0.1 http 1.1 GET /api Body: {}
2022-11-23 18:16:18 #1 [ERROR] { code: '53', message: 'Invalid URL', additionalInfo: '/api' }
2022-11-23 18:16:18 #1 [SEND] Status: 404 Body: {
  error: { code: '53', message: 'Invalid URL', additionalInfo: '/api' }
}
2022-11-23 18:23:44 #2 [RECV] ::ffff:172.19.0.1 http 1.1 GET /api/getEnv Body: {}
2022-11-23 18:23:44 [INFO] Getting params ...
2022-11-23 18:23:44 #3 [RECV] ::ffff:172.19.0.1 http 1.1 GET /api/getDate Body: {}
2022-11-23 18:23:44 [INFO] process.env.TZ: Africa/Tunis
2022-11-23 18:23:44 [INFO] Server time: 2022-11-23T17:23:44.787Z
2022-11-23 18:23:44 [INFO] Server formatted (toLocaleString pt-BR ==> JJ/MM/AAAA HH:MM:SS) datetime: 23/11/2022 18:23:44
2022-11-23 18:23:44 #3 [SEND] Status: 200 Body: "23/11/2022 18:23:44"
2022-11-23 18:23:44 #4 [RECV] ::ffff:172.19.0.1 http 1.1 GET /api/users Body: {}
2022-11-23 18:23:44 [INFO] Getting users ...
2022-11-23 18:23:44 #5 [RECV] ::ffff:172.19.0.1 http 1.1 GET /api/params Body: {}
2022-11-23 18:23:44 [INFO] Getting params ...
2022-11-23 18:23:49 #4 [ERROR] {
  code: '52',
  message: 'Database error',
  additionalInfo: 'SequelizeConnectionError'
}
2022-11-23 18:23:49 #4 [SEND] Status: 400 Body: {
  error: {
    code: '52',
    message: 'Database error',
    additionalInfo: 'SequelizeConnectionError'
  }
}
2022-11-23 18:23:49 #5 [ERROR] {
  code: '52',
  message: 'Database error',
  additionalInfo: 'SequelizeConnectionError'
}
2022-11-23 18:23:49 #5 [SEND] Status: 400 Body: {
  error: {
    code: '52',
    message: 'Database error',
    additionalInfo: 'SequelizeConnectionError'
  }
}
2022-11-23 18:23:49 #2 [ERROR] {
  code: '52',
  message: 'Database error',
  additionalInfo: 'SequelizeConnectionError'
}
2022-11-23 18:23:49 #2 [SEND] Status: 400 Body: {
  error: {
    code: '52',
    message: 'Database error',
    additionalInfo: 'SequelizeConnectionError'
  }
}
2022-11-23 18:24:12 #6 [RECV] ::ffff:172.19.0.1 http 1.1 POST /api/users Body: {
  firstName: 'amine',
  lastName: 'djebbi',
  email: 'aminedjebie@gmail.com',
  id: ''
}
2022-11-23 18:24:12 [INFO] Adding user :  {
  firstName: 'amine',
  lastName: 'djebbi',
  email: 'aminedjebie@gmail.com',
  id: 'pI9LtdJ850'
}
2022-11-23 18:24:17 [ERROR] ADDING USER SequelizeConnectionError
2022-11-23 18:24:17 [ERROR] ConnectionError [SequelizeConnectionError]: Failed to connect to mssql:1433 - getaddrinfo EAI_AGAIN mssql
    at ConnectionManager.connect (/usr/src/app/example-application1-api/node_modules/sequelize/lib/dialects/mssql/connection-manager.js:109:17)
    at processTicksAndRejections (internal/process/task_queues.js:95:5)
    at async ConnectionManager._connect (/usr/src/app/example-application1-api/node_modules/sequelize/lib/dialects/abstract/connection-manager.js:220:24)
    at async /usr/src/app/example-application1-api/node_modules/sequelize/lib/dialects/abstract/connection-manager.js:174:32
    at async ConnectionManager.getConnection (/usr/src/app/example-application1-api/node_modules/sequelize/lib/dialects/abstract/connection-manager.js:197:7)
    at async /usr/src/app/example-application1-api/node_modules/sequelize/lib/sequelize.js:304:26
    at async MSSqlQueryInterface.insert (/usr/src/app/example-application1-api/node_modules/sequelize/lib/dialects/abstract/query-interface.js:308:21)
    at async model.save (/usr/src/app/example-application1-api/node_modules/sequelize/lib/model.js:2432:35)
    at async Function.create (/usr/src/app/example-application1-api/node_modules/sequelize/lib/model.js:1344:12)
    at async Object.exports.addUser (/usr/src/app/example-application1-api/services/user.services.js:18:10) {
  parent: ConnectionError: Failed to connect to mssql:1433 - getaddrinfo EAI_AGAIN mssql
      at Connection.socketError (/usr/src/app/example-application1-api/node_modules/tedious/lib/connection.js:1399:28)
      at /usr/src/app/example-application1-api/node_modules/tedious/lib/connection.js:1180:14
      at processTicksAndRejections (internal/process/task_queues.js:77:11) {
    code: 'ESOCKET',
    isTransient: undefined
  },
  original: ConnectionError: Failed to connect to mssql:1433 - getaddrinfo EAI_AGAIN mssql
      at Connection.socketError (/usr/src/app/example-application1-api/node_modules/tedious/lib/connection.js:1399:28)
      at /usr/src/app/example-application1-api/node_modules/tedious/lib/connection.js:1180:14
      at processTicksAndRejections (internal/process/task_queues.js:77:11) {
    code: 'ESOCKET',
    isTransient: undefined
  }
}
2022-11-23 18:24:17 #6 [ERROR] {
  code: '52',
  message: 'Database error',
  additionalInfo: 'SequelizeConnectionError'
}
2022-11-23 18:24:17 #6 [SEND] Status: 400 Body: {
  error: {
    code: '52',
    message: 'Database error',
    additionalInfo: 'SequelizeConnectionError'
  }
}
2022-11-23 18:24:18 #7 [RECV] ::ffff:172.19.0.1 http 1.1 GET /api/users Body: {}
2022-11-23 18:24:18 [INFO] Getting users ...
2022-11-23 18:24:19 #8 [RECV] ::ffff:172.19.0.1 http 1.1 GET /api/users Body: {}
2022-11-23 18:24:19 [INFO] Getting users ...
2022-11-23 18:24:23 #7 [ERROR] {
  code: '52',
  message: 'Database error',
  additionalInfo: 'SequelizeConnectionError'
}
2022-11-23 18:24:23 #7 [SEND] Status: 400 Body: {
  error: {
    code: '52',
    message: 'Database error',
    additionalInfo: 'SequelizeConnectionError'
  }
}
2022-11-23 18:24:23 #8 [ERROR] {
  code: '52',
  message: 'Database error',
  additionalInfo: 'SequelizeConnectionError'
}
2022-11-23 18:24:23 #8 [SEND] Status: 400 Body: {
  error: {
    code: '52',
    message: 'Database error',
    additionalInfo: 'SequelizeConnectionError'
  }
}
2022-11-23 18:24:45 #9 [RECV] ::ffff:172.19.0.1 http 1.1 POST /api/users Body: {
  firstName: 'ahmed',
  lastName: 'janani',
  email: 'admin@admin.com',
  id: ''
}
2022-11-23 18:24:45 [INFO] Adding user :  {
  firstName: 'ahmed',
  lastName: 'janani',
  email: 'admin@admin.com',
  id: 'uoZQ7KTVni'
}
2022-11-23 18:24:50 [ERROR] ADDING USER SequelizeConnectionError
2022-11-23 18:24:50 [ERROR] ConnectionError [SequelizeConnectionError]: Failed to connect to mssql:1433 - getaddrinfo EAI_AGAIN mssql
    at ConnectionManager.connect (/usr/src/app/example-application1-api/node_modules/sequelize/lib/dialects/mssql/connection-manager.js:109:17)
    at processTicksAndRejections (internal/process/task_queues.js:95:5)
    at async ConnectionManager._connect (/usr/src/app/example-application1-api/node_modules/sequelize/lib/dialects/abstract/connection-manager.js:220:24)
    at async /usr/src/app/example-application1-api/node_modules/sequelize/lib/dialects/abstract/connection-manager.js:174:32
    at async ConnectionManager.getConnection (/usr/src/app/example-application1-api/node_modules/sequelize/lib/dialects/abstract/connection-manager.js:197:7)
    at async /usr/src/app/example-application1-api/node_modules/sequelize/lib/sequelize.js:304:26
    at async MSSqlQueryInterface.insert (/usr/src/app/example-application1-api/node_modules/sequelize/lib/dialects/abstract/query-interface.js:308:21)
    at async model.save (/usr/src/app/example-application1-api/node_modules/sequelize/lib/model.js:2432:35)
    at async Function.create (/usr/src/app/example-application1-api/node_modules/sequelize/lib/model.js:1344:12)
    at async Object.exports.addUser (/usr/src/app/example-application1-api/services/user.services.js:18:10) {
  parent: ConnectionError: Failed to connect to mssql:1433 - getaddrinfo EAI_AGAIN mssql
      at Connection.socketError (/usr/src/app/example-application1-api/node_modules/tedious/lib/connection.js:1399:28)
      at /usr/src/app/example-application1-api/node_modules/tedious/lib/connection.js:1180:14
      at processTicksAndRejections (internal/process/task_queues.js:77:11) {
    code: 'ESOCKET',
    isTransient: undefined
  },
  original: ConnectionError: Failed to connect to mssql:1433 - getaddrinfo EAI_AGAIN mssql
      at Connection.socketError (/usr/src/app/example-application1-api/node_modules/tedious/lib/connection.js:1399:28)
      at /usr/src/app/example-application1-api/node_modules/tedious/lib/connection.js:1180:14
      at processTicksAndRejections (internal/process/task_queues.js:77:11) {
    code: 'ESOCKET',
    isTransient: undefined
  }
}
2022-11-23 18:24:50 #9 [ERROR] {
  code: '52',
  message: 'Database error',
  additionalInfo: 'SequelizeConnectionError'
}
2022-11-23 18:24:50 #9 [SEND] Status: 400 Body: {
  error: {
    code: '52',
    message: 'Database error',
    additionalInfo: 'SequelizeConnectionError'
  }
}
2022-11-23 18:24:50 #10 [RECV] ::ffff:172.19.0.1 http 1.1 GET /api/users Body: {}
2022-11-23 18:24:50 [INFO] Getting users ...
2022-11-23 18:24:55 #10 [ERROR] {
  code: '52',
  message: 'Database error',
  additionalInfo: 'SequelizeConnectionError'
}
2022-11-23 18:24:55 #10 [SEND] Status: 400 Body: {
  error: {
    code: '52',
    message: 'Database error',
    additionalInfo: 'SequelizeConnectionError'
  }
}
2022-11-23 18:28:39 [INFO] Server listening on port 3080
2022-11-23 18:34:30 [INFO] Server listening on port 3080
2022-11-23 18:34:30 [INFO] DB SYNC invoked
2022-11-23 18:34:30 [INFO] DB feeded
2022-11-23 18:35:13 [INFO] Adding user :  {
  firstName: 'amine',
  lastName: 'djebbi',
  email: 'aminedjebie@gmail.com',
  id: 'qeDXsh87zo'
}
2022-11-23 18:35:13 #1 [RECV] ::ffff:172.19.0.1 http 1.1 POST /api/users Body: {
  firstName: 'amine',
  lastName: 'djebbi',
  email: 'aminedjebie@gmail.com',
  id: ''
}
2022-11-23 18:35:13 #1 [SEND] Status: 200 Body: {"birthDate":null,"createdAt":"2022-11-23 18:35:13","updatedAt":"2022-11-23 18:35:13","firstName":"amine","lastName":"djebbi","email":"aminedjebie@gmail.com","id":"qeDXsh87zo","password":null,"role":null,"belongsTo":null}
2022-11-23 18:35:13 #2 [RECV] ::ffff:172.19.0.1 http 1.1 GET /api/users Body: {}
2022-11-23 18:35:13 [INFO] Getting users ...
2022-11-23 18:35:13 #2 [SEND] Status: 200 Body: [{"birthDate":null,"createdAt":"2022-11-23 18:35:13","updatedAt":"2022-11-23 18:35:13","id":"qeDXsh87zo","firstName":"amine","lastName":"djebbi","email":"aminedjebie@gmail.com","password":null,"role":null,"belongsTo":null},{"birthDate":null,"createdAt":"2022-11-23 18:34:30","updatedAt":"2022-11-23 18:34:30","id":"seif","firstName":"seif","lastName":"ben khaled","email":"seif_09@yahoo.com","password":"Test.123","role":"ADMIN","belongsTo":null}]
2022-11-23 18:35:17 #3 [RECV] ::ffff:172.19.0.1 http 1.1 GET /api/users Body: {}
2022-11-23 18:35:17 [INFO] Getting users ...
2022-11-23 18:35:17 #3 [SEND] Status: 200 Body: [{"birthDate":null,"createdAt":"2022-11-23 18:35:13","updatedAt":"2022-11-23 18:35:13","id":"qeDXsh87zo","firstName":"amine","lastName":"djebbi","email":"aminedjebie@gmail.com","password":null,"role":null,"belongsTo":null},{"birthDate":null,"createdAt":"2022-11-23 18:34:30","updatedAt":"2022-11-23 18:34:30","id":"seif","firstName":"seif","lastName":"ben khaled","email":"seif_09@yahoo.com","password":"Test.123","role":"ADMIN","belongsTo":null}]
2022-11-23 18:35:59 #4 [RECV] ::ffff:172.19.0.1 http 1.1 GET /api/users Body: {}
2022-11-23 18:35:59 [INFO] Getting users ...
2022-11-23 18:35:59 #4 [SEND] Status: 200 Body: [{"birthDate":null,"createdAt":"2022-11-23 18:35:13","updatedAt":"2022-11-23 18:35:13","id":"qeDXsh87zo","firstName":"amine","lastName":"djebbi","email":"aminedjebie@gmail.com","password":null,"role":null,"belongsTo":null},{"birthDate":null,"createdAt":"2022-11-23 18:34:30","updatedAt":"2022-11-23 18:34:30","id":"seif","firstName":"seif","lastName":"ben khaled","email":"seif_09@yahoo.com","password":"Test.123","role":"ADMIN","belongsTo":null}]
2022-11-23 18:37:55 [INFO] Server listening on port 3080
2022-11-23 18:37:55 [INFO] DB SYNC invoked
2022-11-23 18:37:55 [INFO] DB feeded
2022-11-23 18:38:00 #1 [RECV] ::ffff:172.19.0.1 http 1.1 GET /api/getEnv Body: {}
2022-11-23 18:38:00 [INFO] Getting params ...
2022-11-23 18:38:00 #2 [RECV] ::ffff:172.19.0.1 http 1.1 GET /api/getDate Body: {}
2022-11-23 18:38:00 [INFO] process.env.TZ: Africa/Tunis
2022-11-23 18:38:00 [INFO] Server time: 2022-11-23T17:38:00.532Z
2022-11-23 18:38:00 [INFO] Server formatted (toLocaleString pt-BR ==> JJ/MM/AAAA HH:MM:SS) datetime: 23/11/2022 18:38:00
2022-11-23 18:38:00 #2 [SEND] Status: 200 Body: "23/11/2022 18:38:00"
2022-11-23 18:38:00 [INFO] Server param PARAM1: { id: 'PARAM1', value: 'ABCDEF' }
2022-11-23 18:38:00 #1 [SEND] Status: 200 Body: {"id":"PARAM1","value":"ABCDEF"}
2022-11-23 18:38:00 #3 [RECV] ::ffff:172.19.0.1 http 1.1 GET /api/users Body: {}
2022-11-23 18:38:00 [INFO] Getting users ...
2022-11-23 18:38:00 #4 [RECV] ::ffff:172.19.0.1 http 1.1 GET /api/params Body: {}
2022-11-23 18:38:00 [INFO] Getting params ...
2022-11-23 18:38:00 #3 [SEND] Status: 200 Body: [{"birthDate":null,"createdAt":"2022-11-23 18:37:55","updatedAt":"2022-11-23 18:37:55","id":"1234","firstName":"amine","lastName":"djebbi","email":"aminedjebie@gmail.com","password":"Test.123","role":"ADMIN","belongsTo":null},{"birthDate":null,"createdAt":"2022-11-23 18:35:13","updatedAt":"2022-11-23 18:35:13","id":"qeDXsh87zo","firstName":"amine","lastName":"djebbi","email":"aminedjebie@gmail.com","password":null,"role":null,"belongsTo":null},{"birthDate":null,"createdAt":"2022-11-23 18:34:30","updatedAt":"2022-11-23 18:34:30","id":"seif","firstName":"seif","lastName":"ben khaled","email":"seif_09@yahoo.com","password":"Test.123","role":"ADMIN","belongsTo":null}]
2022-11-23 18:38:00 #4 [SEND] Status: 200 Body: [{"createdAt":"2022-11-23 18:34:30","updatedAt":"2022-11-23 18:34:30","id":"PARAM1","value":"ABCDEF"}]
2022-11-23 18:38:24 [INFO] Server listening on port 3080
2022-11-23 18:38:25 [INFO] DB SYNC invoked
2022-11-23 18:38:25 [INFO] DB feeded
2022-11-23 18:38:32 #1 [RECV] ::ffff:172.19.0.1 http 1.1 GET /api/getEnv Body: {}
2022-11-23 18:38:32 [INFO] Getting params ...
2022-11-23 18:38:32 #2 [RECV] ::ffff:172.19.0.1 http 1.1 GET /api/getDate Body: {}
2022-11-23 18:38:32 [INFO] process.env.TZ: Africa/Tunis
2022-11-23 18:38:32 [INFO] Server time: 2022-11-23T17:38:32.518Z
2022-11-23 18:38:32 [INFO] Server formatted (toLocaleString pt-BR ==> JJ/MM/AAAA HH:MM:SS) datetime: 23/11/2022 18:38:32
2022-11-23 18:38:32 #2 [SEND] Status: 200 Body: "23/11/2022 18:38:32"
2022-11-23 18:38:32 [INFO] Server param PARAM1: { id: 'PARAM1', value: 'ABCDEF' }
2022-11-23 18:38:32 #1 [SEND] Status: 200 Body: {"id":"PARAM1","value":"ABCDEF"}
2022-11-23 18:38:32 #3 [RECV] ::ffff:172.19.0.1 http 1.1 GET /api/users Body: {}
2022-11-23 18:38:32 [INFO] Getting users ...
2022-11-23 18:38:32 #4 [RECV] ::ffff:172.19.0.1 http 1.1 GET /api/params Body: {}
2022-11-23 18:38:32 [INFO] Getting params ...
2022-11-23 18:38:32 #3 [SEND] Status: 200 Body: [{"birthDate":null,"createdAt":"2022-11-23 18:37:55","updatedAt":"2022-11-23 18:37:55","id":"1234","firstName":"amine","lastName":"djebbi","email":"aminedjebie@gmail.com","password":"Test.123","role":"ADMIN","belongsTo":null},{"birthDate":null,"createdAt":"2022-11-23 18:35:13","updatedAt":"2022-11-23 18:35:13","id":"qeDXsh87zo","firstName":"amine","lastName":"djebbi","email":"aminedjebie@gmail.com","password":null,"role":null,"belongsTo":null},{"birthDate":null,"createdAt":"2022-11-23 18:34:30","updatedAt":"2022-11-23 18:34:30","id":"seif","firstName":"seif","lastName":"ben khaled","email":"seif_09@yahoo.com","password":"Test.123","role":"ADMIN","belongsTo":null}]
2022-11-23 18:38:32 #4 [SEND] Status: 200 Body: [{"createdAt":"2022-11-23 18:34:30","updatedAt":"2022-11-23 18:34:30","id":"PARAM1","value":"ABCDEF"}]
2022-11-23 18:39:11 [INFO] Server listening on port 3080
2022-11-23 18:39:11 [INFO] DB SYNC invoked
2022-11-23 18:39:11 [INFO] DB feeded
2022-11-23 18:39:19 #1 [RECV] ::ffff:172.19.0.1 http 1.1 GET /api/getEnv Body: {}
2022-11-23 18:39:19 [INFO] Getting params ...
2022-11-23 18:39:19 #2 [RECV] ::ffff:172.19.0.1 http 1.1 GET /api/getDate Body: {}
2022-11-23 18:39:19 [INFO] process.env.TZ: Africa/Tunis
2022-11-23 18:39:19 [INFO] Server time: 2022-11-23T17:39:19.487Z
2022-11-23 18:39:19 [INFO] Server formatted (toLocaleString pt-BR ==> JJ/MM/AAAA HH:MM:SS) datetime: 23/11/2022 18:39:19
2022-11-23 18:39:19 #2 [SEND] Status: 200 Body: "23/11/2022 18:39:19"
2022-11-23 18:39:19 [INFO] Server param PARAM1: { id: 'PARAM1', value: 'ABCDEF' }
2022-11-23 18:39:19 #1 [SEND] Status: 200 Body: {"id":"PARAM1","value":"ABCDEF"}
2022-11-23 18:39:19 #3 [RECV] ::ffff:172.19.0.1 http 1.1 GET /api/users Body: {}
2022-11-23 18:39:19 [INFO] Getting users ...
2022-11-23 18:39:19 #4 [RECV] ::ffff:172.19.0.1 http 1.1 GET /api/params Body: {}
2022-11-23 18:39:19 [INFO] Getting params ...
2022-11-23 18:39:19 #3 [SEND] Status: 200 Body: [{"birthDate":null,"createdAt":"2022-11-23 18:39:11","updatedAt":"2022-11-23 18:39:11","id":"1234","firstName":"amine","lastName":"djebbi","email":"aminedjebie@gmail.com","password":"Test.123","role":"ADMIN","belongsTo":null}]
2022-11-23 18:39:19 #4 [SEND] Status: 200 Body: [{"createdAt":"2022-11-23 18:39:11","updatedAt":"2022-11-23 18:39:11","id":"PARAM1","value":"ABCDEF"}]
2022-11-23 18:40:10 #5 [RECV] ::ffff:172.19.0.1 http 1.1 POST /api/users Body: {
  firstName: 'ahmed',
  lastName: 'wajdi',
  email: 'admin@admin.com',
  id: ''
}
2022-11-23 18:40:10 [INFO] Adding user :  {
  firstName: 'ahmed',
  lastName: 'wajdi',
  email: 'admin@admin.com',
  id: 'bUQNZjkLUv'
}
2022-11-23 18:40:10 #5 [SEND] Status: 200 Body: {"birthDate":null,"createdAt":"2022-11-23 18:40:10","updatedAt":"2022-11-23 18:40:10","firstName":"ahmed","lastName":"wajdi","email":"admin@admin.com","id":"bUQNZjkLUv","password":null,"role":null,"belongsTo":null}
2022-11-23 18:40:10 #6 [RECV] ::ffff:172.19.0.1 http 1.1 GET /api/users Body: {}
2022-11-23 18:40:10 [INFO] Getting users ...
2022-11-23 18:40:10 #6 [SEND] Status: 200 Body: [{"birthDate":null,"createdAt":"2022-11-23 18:39:11","updatedAt":"2022-11-23 18:39:11","id":"1234","firstName":"amine","lastName":"djebbi","email":"aminedjebie@gmail.com","password":"Test.123","role":"ADMIN","belongsTo":null},{"birthDate":null,"createdAt":"2022-11-23 18:40:10","updatedAt":"2022-11-23 18:40:10","id":"bUQNZjkLUv","firstName":"ahmed","lastName":"wajdi","email":"admin@admin.com","password":null,"role":null,"belongsTo":null}]
